<?xml version="1.0" encoding="UTF-8"?>
<Catch2TestRun name="core.test.exe" rng-seed="819240436" xml-format-version="3" catch2-version="3.7.1">
  <TestCase name="Dummy Test Bonjour" tags="[fast]" filename="D:\_DEV\hedron\module\hdn.code.module.core.test\src\main.cpp" line="31">
    <Section name="Addition Test" filename="D:\_DEV\hedron\module\hdn.code.module.core.test\src\main.cpp" line="34">
      <Expression success="true" type="REQUIRE" filename="D:\_DEV\hedron\module\hdn.code.module.core.test\src\main.cpp" line="38">
        <Original>
          a + b == 3
        </Original>
        <Expanded>
          3 == 3
        </Expanded>
      </Expression>
      <OverallResults successes="1" failures="0" expectedFailures="0" skipped="false" durationInSeconds="0.000196"/>
    </Section>
    <Section name="Subtraction Test 1" filename="D:\_DEV\hedron\module\hdn.code.module.core.test\src\main.cpp" line="41">
      <Expression success="true" type="REQUIRE" filename="D:\_DEV\hedron\module\hdn.code.module.core.test\src\main.cpp" line="43">
        <Original>
          2 - 1 == 1
        </Original>
        <Expanded>
          1 == 1
        </Expanded>
      </Expression>
      <OverallResults successes="1" failures="0" expectedFailures="0" skipped="false" durationInSeconds="6.7e-05"/>
    </Section>
    <Section name="Subtraction Test 2" filename="D:\_DEV\hedron\module\hdn.code.module.core.test\src\main.cpp" line="46">
      <Expression success="true" type="REQUIRE" filename="D:\_DEV\hedron\module\hdn.code.module.core.test\src\main.cpp" line="49">
        <Original>
          2 - 1 == 1
        </Original>
        <Expanded>
          1 == 1
        </Expanded>
      </Expression>
      <OverallResults successes="1" failures="0" expectedFailures="0" skipped="false" durationInSeconds="6.5e-05"/>
    </Section>
    <OverallResult success="true" skips="0" durationInSeconds="0.000907"/>
  </TestCase>
  <TestCase name="Benchmark Test" tags="[benchmark]" filename="D:\_DEV\hedron\module\hdn.code.module.core.test\src\main.cpp" line="55">
    <BenchmarkResults name="Addition Benchmark" samples="100" resamples="100000" iterations="12389" clockResolution="18.742" estimatedDuration="1.2389e+06">
      <!-- All values in nano seconds -->
      <mean value="2.11099" lowerBound="2.1017" upperBound="2.12075" ci="0.95"/>
      <standardDeviation value="0.0488437" lowerBound="0.0397218" upperBound="0.063201" ci="0.95"/>
      <outliers variance="0.161565" lowMild="2" lowSevere="0" highMild="2" highSevere="1"/>
    </BenchmarkResults>
    <BenchmarkResults name="Multiplication Benchmark" samples="100" resamples="100000" iterations="13186" clockResolution="18.742" estimatedDuration="1.3186e+06">
      <!-- All values in nano seconds -->
      <mean value="1.41415" lowerBound="1.41021" upperBound="1.41893" ci="0.95"/>
      <standardDeviation value="0.021948" lowerBound="0.0175674" upperBound="0.0341102" ci="0.95"/>
      <outliers variance="0.0847458" lowMild="0" lowSevere="0" highMild="1" highSevere="0"/>
    </BenchmarkResults>
    <OverallResult success="true" skips="0" durationInSeconds="5.48465"/>
  </TestCase>
  <TestCase name="Parametrized Test" tags="[parametrized]" filename="D:\_DEV\hedron\module\hdn.code.module.core.test\src\main.cpp" line="70">
    <Expression success="true" type="REQUIRE" filename="D:\_DEV\hedron\module\hdn.code.module.core.test\src\main.cpp" line="76">
      <Original>
        (a + b) == expected
      </Original>
      <Expanded>
        5 == 5
      </Expanded>
    </Expression>
    <Expression success="true" type="REQUIRE" filename="D:\_DEV\hedron\module\hdn.code.module.core.test\src\main.cpp" line="76">
      <Original>
        (a + b) == expected
      </Original>
      <Expanded>
        6 == 6
      </Expanded>
    </Expression>
    <Expression success="true" type="REQUIRE" filename="D:\_DEV\hedron\module\hdn.code.module.core.test\src\main.cpp" line="76">
      <Original>
        (a + b) == expected
      </Original>
      <Expanded>
        6 == 6
      </Expanded>
    </Expression>
    <Expression success="true" type="REQUIRE" filename="D:\_DEV\hedron\module\hdn.code.module.core.test\src\main.cpp" line="76">
      <Original>
        (a + b) == expected
      </Original>
      <Expanded>
        7 == 7
      </Expanded>
    </Expression>
    <Expression success="true" type="REQUIRE" filename="D:\_DEV\hedron\module\hdn.code.module.core.test\src\main.cpp" line="76">
      <Original>
        (a + b) == expected
      </Original>
      <Expanded>
        7 == 7
      </Expanded>
    </Expression>
    <Expression success="true" type="REQUIRE" filename="D:\_DEV\hedron\module\hdn.code.module.core.test\src\main.cpp" line="76">
      <Original>
        (a + b) == expected
      </Original>
      <Expanded>
        8 == 8
      </Expanded>
    </Expression>
    <Expression success="true" type="REQUIRE" filename="D:\_DEV\hedron\module\hdn.code.module.core.test\src\main.cpp" line="76">
      <Original>
        (a + b) == expected
      </Original>
      <Expanded>
        8 == 8
      </Expanded>
    </Expression>
    <Expression success="true" type="REQUIRE" filename="D:\_DEV\hedron\module\hdn.code.module.core.test\src\main.cpp" line="76">
      <Original>
        (a + b) == expected
      </Original>
      <Expanded>
        9 == 9
      </Expanded>
    </Expression>
    <OverallResult success="true" skips="0" durationInSeconds="0.000948"/>
  </TestCase>
  <TestCase name="Null Test Case" filename="D:\_DEV\hedron\module\hdn.code.module.core.test\src\main.cpp" line="79">
    <OverallResult success="true" skips="0" durationInSeconds="5.3e-05"/>
  </TestCase>
  <TestCase name="String Test" tags="[String]" filename="D:\_DEV\hedron\module\hdn.code.module.core.test\src\string.test.cpp" line="3">
    <Section name="String Test 1" filename="D:\_DEV\hedron\module\hdn.code.module.core.test\src\string.test.cpp" line="5">
      <Expression success="true" type="REQUIRE" filename="D:\_DEV\hedron\module\hdn.code.module.core.test\src\string.test.cpp" line="6">
        <Original>
          1 + 2 == 3
        </Original>
        <Expanded>
          3 == 3
        </Expanded>
      </Expression>
      <OverallResults successes="1" failures="0" expectedFailures="0" skipped="false" durationInSeconds="6.3e-05"/>
    </Section>
    <Section name="String Test 2" filename="D:\_DEV\hedron\module\hdn.code.module.core.test\src\string.test.cpp" line="9">
      <Expression success="true" type="REQUIRE" filename="D:\_DEV\hedron\module\hdn.code.module.core.test\src\string.test.cpp" line="10">
        <Original>
          2 - 1 == 1
        </Original>
        <Expanded>
          1 == 1
        </Expanded>
      </Expression>
      <OverallResults successes="1" failures="0" expectedFailures="0" skipped="false" durationInSeconds="6.4e-05"/>
    </Section>
    <Section name="String Test 3" filename="D:\_DEV\hedron\module\hdn.code.module.core.test\src\string.test.cpp" line="13">
      <Expression success="true" type="REQUIRE" filename="D:\_DEV\hedron\module\hdn.code.module.core.test\src\string.test.cpp" line="14">
        <Original>
          2 - 1 == 1
        </Original>
        <Expanded>
          1 == 1
        </Expanded>
      </Expression>
      <OverallResults successes="1" failures="0" expectedFailures="0" skipped="false" durationInSeconds="6.9e-05"/>
    </Section>
    <OverallResult success="true" skips="0" durationInSeconds="0.000487"/>
  </TestCase>
  <OverallResults successes="14" failures="0" expectedFailures="0" skips="0"/>
  <OverallResultsCases successes="5" failures="0" expectedFailures="0" skips="0"/>
</Catch2TestRun>
